build/app/intermediates/manifest_merge_blame_file/release/manifest-merger-blame-release-report.txt
1<?xml version="1.0" encoding="utf-8"?>
2<manifest xmlns:android="http://schemas.android.com/apk/res/android"
3    package="com.app.fixjedtechnician"
4    android:versionCode="1"
5    android:versionName="1.0.0" >
6
7    <uses-sdk
8        android:minSdkVersion="21"
8-->src/main/AndroidManifest.xml
9        android:targetSdkVersion="29" />
9-->src/main/AndroidManifest.xml
10    <!--
11         io.flutter.app.FlutterApplication is an android.app.Application that
12         calls FlutterMain.startInitialization(this); in its onCreate method.
13         In most cases you can leave this as-is, but you if you want to provide
14         additional functionality it is fine to subclass or reimplement
15         FlutterApplication and put your custom class here.
16    -->
17    <uses-permission android:name="android.permission.INTERNET" />
17-->src/main/AndroidManifest.xml:8:5-67
17-->src/main/AndroidManifest.xml:8:22-64
18    <uses-permission android:name="android.permission.READ_EXTERNAL_STORAGE" />
18-->[:image_picker] AndroidManifest.xml:7:5-80
18-->[:image_picker] AndroidManifest.xml:7:22-77
19    <uses-permission android:name="android.permission.WRITE_EXTERNAL_STORAGE" />
19-->[:image_picker] AndroidManifest.xml:8:5-81
19-->[:image_picker] AndroidManifest.xml:8:22-78
20    <uses-permission android:name="android.permission.ACCESS_NETWORK_STATE" />
20-->[com.zendesk:chat-providers:3.1.0] AndroidManifest.xml:13:5-79
20-->[com.zendesk:chat-providers:3.1.0] AndroidManifest.xml:13:22-76
21    <uses-permission android:name="android.permission.WAKE_LOCK" /> <!-- Required by older versions of Google Play services to create IID tokens -->
21-->[com.google.firebase:firebase-iid:20.3.0] AndroidManifest.xml:24:5-68
21-->[com.google.firebase:firebase-iid:20.3.0] AndroidManifest.xml:24:22-65
22    <uses-permission android:name="com.google.android.c2dm.permission.RECEIVE" />
22-->[com.google.firebase:firebase-iid:20.3.0] AndroidManifest.xml:26:5-82
22-->[com.google.firebase:firebase-iid:20.3.0] AndroidManifest.xml:26:22-79
23    <uses-permission android:name="com.google.android.finsky.permission.BIND_GET_INSTALL_REFERRER_SERVICE" />
23-->[com.google.android.gms:play-services-measurement:17.6.0] AndroidManifest.xml:26:5-110
23-->[com.google.android.gms:play-services-measurement:17.6.0] AndroidManifest.xml:26:22-107
24
25    <application
25-->src/main/AndroidManifest.xml:9:5-48:19
26        android:name="io.flutter.app.FlutterApplication"
26-->src/main/AndroidManifest.xml:10:9-57
27        android:appComponentFactory="androidx.core.app.CoreComponentFactory"
27-->[androidx.core:core:1.5.0-beta01] AndroidManifest.xml:24:18-86
28        android:icon="@mipmap/ic_launcher"
28-->src/main/AndroidManifest.xml:13:9-43
29        android:label="FixJed Tech"
29-->src/main/AndroidManifest.xml:11:9-36
30        android:supportsRtl="true"
30-->[com.zendesk:messaging:5.1.0] AndroidManifest.xml:11:18-44
31        android:usesCleartextTraffic="true" >
31-->src/main/AndroidManifest.xml:12:9-44
32        <activity
32-->src/main/AndroidManifest.xml:14:9-42:20
33            android:name="com.app.fixjedtechnician.MainActivity"
33-->src/main/AndroidManifest.xml:15:13-65
34            android:configChanges="orientation|keyboardHidden|keyboard|screenSize|smallestScreenSize|locale|layoutDirection|fontScale|screenLayout|density|uiMode"
34-->src/main/AndroidManifest.xml:18:13-163
35            android:hardwareAccelerated="true"
35-->src/main/AndroidManifest.xml:19:13-47
36            android:launchMode="singleTop"
36-->src/main/AndroidManifest.xml:16:13-43
37            android:theme="@style/LaunchTheme"
37-->src/main/AndroidManifest.xml:17:13-47
38            android:windowSoftInputMode="adjustResize" >
38-->src/main/AndroidManifest.xml:20:13-55
39
40            <!--
41                 Specifies an Android theme to apply to this Activity as soon as
42                 the Android process has started. This theme is visible to the user
43                 while the Flutter UI initializes. After that, this theme continues
44                 to determine the Window background behind the Flutter UI.
45            -->
46            <meta-data
46-->src/main/AndroidManifest.xml:25:13-28:17
47                android:name="io.flutter.embedding.android.NormalTheme"
47-->src/main/AndroidManifest.xml:26:15-70
48                android:resource="@style/NormalTheme" />
48-->src/main/AndroidManifest.xml:27:15-52
49            <!--
50                 Displays an Android View that continues showing the launch screen
51                 Drawable until Flutter paints its first frame, then this splash
52                 screen fades out. A splash screen is useful to avoid any visual
53                 gap between the end of Android's launch screen and the painting of
54                 Flutter's first frame.
55            -->
56            <meta-data
56-->src/main/AndroidManifest.xml:34:13-37:17
57                android:name="io.flutter.embedding.android.SplashScreenDrawable"
57-->src/main/AndroidManifest.xml:35:15-79
58                android:resource="@drawable/launch_background" />
58-->src/main/AndroidManifest.xml:36:15-61
59
60            <intent-filter>
60-->src/main/AndroidManifest.xml:38:13-41:29
61                <action android:name="android.intent.action.MAIN" />
61-->src/main/AndroidManifest.xml:39:17-68
61-->src/main/AndroidManifest.xml:39:25-66
62
63                <category android:name="android.intent.category.LAUNCHER" />
63-->src/main/AndroidManifest.xml:40:17-76
63-->src/main/AndroidManifest.xml:40:27-74
64            </intent-filter>
65        </activity>
66        <!--
67             Don't delete the meta-data below.
68             This is used by the Flutter tool to generate GeneratedPluginRegistrant.java
69        -->
70        <meta-data
70-->src/main/AndroidManifest.xml:45:9-47:33
71            android:name="flutterEmbedding"
71-->src/main/AndroidManifest.xml:46:13-44
72            android:value="2" />
72-->src/main/AndroidManifest.xml:47:13-30
73
74        <service android:name="io.flutter.plugins.firebasemessaging.FlutterFirebaseMessagingService" >
74-->[:firebase_messaging] AndroidManifest.xml:8:9-12:19
74-->[:firebase_messaging] AndroidManifest.xml:8:18-101
75            <intent-filter>
75-->[:firebase_messaging] AndroidManifest.xml:9:13-11:29
76                <action android:name="com.google.firebase.MESSAGING_EVENT" />
76-->[:firebase_messaging] AndroidManifest.xml:10:17-78
76-->[:firebase_messaging] AndroidManifest.xml:10:25-75
77            </intent-filter>
78        </service>
79        <service
79-->[:firebase_messaging] AndroidManifest.xml:13:9-17:19
80            android:name="com.google.firebase.components.ComponentDiscoveryService"
80-->[:firebase_messaging] AndroidManifest.xml:13:18-89
81            android:directBootAware="true"
81-->[com.google.firebase:firebase-common:19.3.0] AndroidManifest.xml:34:13-43
82            android:exported="false" >
82-->[com.google.firebase:firebase-messaging:20.3.0] AndroidManifest.xml:38:13-37
83            <meta-data
83-->[:firebase_messaging] AndroidManifest.xml:14:13-16:85
84                android:name="com.google.firebase.components:io.flutter.plugins.firebasemessaging.FlutterFirebaseAppRegistrar"
84-->[:firebase_messaging] AndroidManifest.xml:15:17-127
85                android:value="com.google.firebase.components.ComponentRegistrar" />
85-->[:firebase_messaging] AndroidManifest.xml:16:17-82
86            <meta-data
86-->[:firebase_core] AndroidManifest.xml:9:13-11:85
87                android:name="com.google.firebase.components:io.flutter.plugins.firebase.core.FlutterFirebaseCoreRegistrar"
87-->[:firebase_core] AndroidManifest.xml:10:17-124
88                android:value="com.google.firebase.components.ComponentRegistrar" />
88-->[:firebase_core] AndroidManifest.xml:11:17-82
89            <meta-data
89-->[com.google.firebase:firebase-messaging:20.3.0] AndroidManifest.xml:39:13-41:85
90                android:name="com.google.firebase.components:com.google.firebase.messaging.FirebaseMessagingRegistrar"
90-->[com.google.firebase:firebase-messaging:20.3.0] AndroidManifest.xml:40:17-119
91                android:value="com.google.firebase.components.ComponentRegistrar" />
91-->[com.google.firebase:firebase-messaging:20.3.0] AndroidManifest.xml:41:17-82
92            <meta-data
92-->[com.google.firebase:firebase-iid:20.3.0] AndroidManifest.xml:32:13-34:85
93                android:name="com.google.firebase.components:com.google.firebase.iid.Registrar"
93-->[com.google.firebase:firebase-iid:20.3.0] AndroidManifest.xml:33:17-96
94                android:value="com.google.firebase.components.ComponentRegistrar" />
94-->[com.google.firebase:firebase-iid:20.3.0] AndroidManifest.xml:34:17-82
95            <meta-data
95-->[com.google.android.gms:play-services-measurement-api:17.6.0] AndroidManifest.xml:30:13-32:85
96                android:name="com.google.firebase.components:com.google.firebase.analytics.connector.internal.AnalyticsConnectorRegistrar"
96-->[com.google.android.gms:play-services-measurement-api:17.6.0] AndroidManifest.xml:31:17-139
97                android:value="com.google.firebase.components.ComponentRegistrar" />
97-->[com.google.android.gms:play-services-measurement-api:17.6.0] AndroidManifest.xml:32:17-82
98            <meta-data
98-->[com.google.firebase:firebase-datatransport:17.0.3] AndroidManifest.xml:28:13-30:85
99                android:name="com.google.firebase.components:com.google.firebase.datatransport.TransportRegistrar"
99-->[com.google.firebase:firebase-datatransport:17.0.3] AndroidManifest.xml:29:17-115
100                android:value="com.google.firebase.components.ComponentRegistrar" />
100-->[com.google.firebase:firebase-datatransport:17.0.3] AndroidManifest.xml:30:17-82
101            <meta-data
101-->[com.google.firebase:firebase-installations:16.3.3] AndroidManifest.xml:17:13-19:85
102                android:name="com.google.firebase.components:com.google.firebase.installations.FirebaseInstallationsRegistrar"
102-->[com.google.firebase:firebase-installations:16.3.3] AndroidManifest.xml:18:17-127
103                android:value="com.google.firebase.components.ComponentRegistrar" />
103-->[com.google.firebase:firebase-installations:16.3.3] AndroidManifest.xml:19:17-82
104        </service>
105
106        <provider
106-->[:image_picker] AndroidManifest.xml:11:9-19:20
107            android:name="io.flutter.plugins.imagepicker.ImagePickerFileProvider"
107-->[:image_picker] AndroidManifest.xml:12:13-82
108            android:authorities="com.app.fixjedtechnician.flutter.image_provider"
108-->[:image_picker] AndroidManifest.xml:13:13-74
109            android:exported="false"
109-->[:image_picker] AndroidManifest.xml:14:13-37
110            android:grantUriPermissions="true" >
110-->[:image_picker] AndroidManifest.xml:15:13-47
111            <meta-data
111-->[:image_picker] AndroidManifest.xml:16:13-18:75
112                android:name="android.support.FILE_PROVIDER_PATHS"
112-->[:image_picker] AndroidManifest.xml:17:17-67
113                android:resource="@xml/flutter_image_picker_file_paths" />
113-->[:image_picker] AndroidManifest.xml:18:17-72
114        </provider>
115
116        <activity
116-->[:url_launcher] AndroidManifest.xml:8:9-11:74
117            android:name="io.flutter.plugins.urllauncher.WebViewActivity"
117-->[:url_launcher] AndroidManifest.xml:9:13-74
118            android:exported="false"
118-->[:url_launcher] AndroidManifest.xml:10:13-37
119            android:theme="@android:style/Theme.NoTitleBar.Fullscreen" />
119-->[:url_launcher] AndroidManifest.xml:11:13-71
120        <activity
120-->[com.zendesk:messaging:5.1.0] AndroidManifest.xml:12:9-14:58
121            android:name="zendesk.messaging.MessagingActivity"
121-->[com.zendesk:messaging:5.1.0] AndroidManifest.xml:13:13-63
122            android:windowSoftInputMode="adjustResize" />
122-->[com.zendesk:messaging:5.1.0] AndroidManifest.xml:14:13-55
123        <!--
124             FirebaseMessagingService performs security checks at runtime,
125             but set to not exported to explicitly avoid allowing another app to call it.
126        -->
127        <service
127-->[com.google.firebase:firebase-messaging:20.3.0] AndroidManifest.xml:28:9-35:19
128            android:name="com.google.firebase.messaging.FirebaseMessagingService"
128-->[com.google.firebase:firebase-messaging:20.3.0] AndroidManifest.xml:29:13-82
129            android:directBootAware="true"
129-->[com.google.firebase:firebase-messaging:20.3.0] AndroidManifest.xml:30:13-43
130            android:exported="false" >
130-->[com.google.firebase:firebase-messaging:20.3.0] AndroidManifest.xml:31:13-37
131            <intent-filter android:priority="-500" >
131-->[:firebase_messaging] AndroidManifest.xml:9:13-11:29
132                <action android:name="com.google.firebase.MESSAGING_EVENT" />
132-->[:firebase_messaging] AndroidManifest.xml:10:17-78
132-->[:firebase_messaging] AndroidManifest.xml:10:25-75
133            </intent-filter>
134        </service>
135
136        <receiver
136-->[com.google.firebase:firebase-iid:20.3.0] AndroidManifest.xml:37:9-44:20
137            android:name="com.google.firebase.iid.FirebaseInstanceIdReceiver"
137-->[com.google.firebase:firebase-iid:20.3.0] AndroidManifest.xml:38:13-78
138            android:exported="true"
138-->[com.google.firebase:firebase-iid:20.3.0] AndroidManifest.xml:39:13-36
139            android:permission="com.google.android.c2dm.permission.SEND" >
139-->[com.google.firebase:firebase-iid:20.3.0] AndroidManifest.xml:40:13-73
140            <intent-filter>
140-->[com.google.firebase:firebase-iid:20.3.0] AndroidManifest.xml:41:13-43:29
141                <action android:name="com.google.android.c2dm.intent.RECEIVE" />
141-->[com.google.firebase:firebase-iid:20.3.0] AndroidManifest.xml:42:17-81
141-->[com.google.firebase:firebase-iid:20.3.0] AndroidManifest.xml:42:25-78
142            </intent-filter>
143        </receiver>
144        <receiver
144-->[com.google.android.gms:play-services-measurement:17.6.0] AndroidManifest.xml:29:9-33:20
145            android:name="com.google.android.gms.measurement.AppMeasurementReceiver"
145-->[com.google.android.gms:play-services-measurement:17.6.0] AndroidManifest.xml:30:13-85
146            android:enabled="true"
146-->[com.google.android.gms:play-services-measurement:17.6.0] AndroidManifest.xml:31:13-35
147            android:exported="false" >
147-->[com.google.android.gms:play-services-measurement:17.6.0] AndroidManifest.xml:32:13-37
148        </receiver>
149
150        <service
150-->[com.google.android.gms:play-services-measurement:17.6.0] AndroidManifest.xml:35:9-38:40
151            android:name="com.google.android.gms.measurement.AppMeasurementService"
151-->[com.google.android.gms:play-services-measurement:17.6.0] AndroidManifest.xml:36:13-84
152            android:enabled="true"
152-->[com.google.android.gms:play-services-measurement:17.6.0] AndroidManifest.xml:37:13-35
153            android:exported="false" />
153-->[com.google.android.gms:play-services-measurement:17.6.0] AndroidManifest.xml:38:13-37
154        <service
154-->[com.google.android.gms:play-services-measurement:17.6.0] AndroidManifest.xml:39:9-43:72
155            android:name="com.google.android.gms.measurement.AppMeasurementJobService"
155-->[com.google.android.gms:play-services-measurement:17.6.0] AndroidManifest.xml:40:13-87
156            android:enabled="true"
156-->[com.google.android.gms:play-services-measurement:17.6.0] AndroidManifest.xml:41:13-35
157            android:exported="false"
157-->[com.google.android.gms:play-services-measurement:17.6.0] AndroidManifest.xml:42:13-37
158            android:permission="android.permission.BIND_JOB_SERVICE" />
158-->[com.google.android.gms:play-services-measurement:17.6.0] AndroidManifest.xml:43:13-69
159
160        <provider
160-->[com.zendesk.belvedere2:belvedere-core:3.0.0-RC] AndroidManifest.xml:12:9-21:20
161            android:name="zendesk.belvedere.BelvedereFileProvider"
161-->[com.zendesk.belvedere2:belvedere-core:3.0.0-RC] AndroidManifest.xml:13:13-67
162            android:authorities="com.app.fixjedtechnician.belvedere2.attachments"
162-->[com.zendesk.belvedere2:belvedere-core:3.0.0-RC] AndroidManifest.xml:14:13-74
163            android:exported="false"
163-->[com.zendesk.belvedere2:belvedere-core:3.0.0-RC] AndroidManifest.xml:15:13-37
164            android:grantUriPermissions="true"
164-->[com.zendesk.belvedere2:belvedere-core:3.0.0-RC] AndroidManifest.xml:16:13-47
165            android:readPermission="true" >
165-->[com.zendesk.belvedere2:belvedere-core:3.0.0-RC] AndroidManifest.xml:17:13-42
166            <meta-data
166-->[:image_picker] AndroidManifest.xml:16:13-18:75
167                android:name="android.support.FILE_PROVIDER_PATHS"
167-->[:image_picker] AndroidManifest.xml:17:17-67
168                android:resource="@xml/belvedere_attachment_storage_v2" />
168-->[:image_picker] AndroidManifest.xml:18:17-72
169        </provider>
170        <provider
170-->[com.google.firebase:firebase-common:19.3.0] AndroidManifest.xml:26:9-30:39
171            android:name="com.google.firebase.provider.FirebaseInitProvider"
171-->[com.google.firebase:firebase-common:19.3.0] AndroidManifest.xml:27:13-77
172            android:authorities="com.app.fixjedtechnician.firebaseinitprovider"
172-->[com.google.firebase:firebase-common:19.3.0] AndroidManifest.xml:28:13-72
173            android:exported="false"
173-->[com.google.firebase:firebase-common:19.3.0] AndroidManifest.xml:29:13-37
174            android:initOrder="100" />
174-->[com.google.firebase:firebase-common:19.3.0] AndroidManifest.xml:30:13-36
175
176        <activity
176-->[com.google.android.gms:play-services-base:17.0.0] AndroidManifest.xml:23:9-26:75
177            android:name="com.google.android.gms.common.api.GoogleApiActivity"
177-->[com.google.android.gms:play-services-base:17.0.0] AndroidManifest.xml:24:13-79
178            android:exported="false"
178-->[com.google.android.gms:play-services-base:17.0.0] AndroidManifest.xml:25:13-37
179            android:theme="@android:style/Theme.Translucent.NoTitleBar" />
179-->[com.google.android.gms:play-services-base:17.0.0] AndroidManifest.xml:26:13-72
180
181        <meta-data
181-->[com.google.android.gms:play-services-basement:17.0.0] AndroidManifest.xml:23:9-25:69
182            android:name="com.google.android.gms.version"
182-->[com.google.android.gms:play-services-basement:17.0.0] AndroidManifest.xml:24:13-58
183            android:value="@integer/google_play_services_version" />
183-->[com.google.android.gms:play-services-basement:17.0.0] AndroidManifest.xml:25:13-66
184
185        <provider
185-->[com.squareup.picasso:picasso:2.8] AndroidManifest.xml:8:9-11:40
186            android:name="com.squareup.picasso.PicassoProvider"
186-->[com.squareup.picasso:picasso:2.8] AndroidManifest.xml:9:13-64
187            android:authorities="com.app.fixjedtechnician.com.squareup.picasso"
187-->[com.squareup.picasso:picasso:2.8] AndroidManifest.xml:10:13-72
188            android:exported="false" />
188-->[com.squareup.picasso:picasso:2.8] AndroidManifest.xml:11:13-37
189        <provider
189-->[androidx.lifecycle:lifecycle-process:2.0.0] AndroidManifest.xml:23:9-27:43
190            android:name="androidx.lifecycle.ProcessLifecycleOwnerInitializer"
190-->[androidx.lifecycle:lifecycle-process:2.0.0] AndroidManifest.xml:24:13-79
191            android:authorities="com.app.fixjedtechnician.lifecycle-process"
191-->[androidx.lifecycle:lifecycle-process:2.0.0] AndroidManifest.xml:25:13-69
192            android:exported="false"
192-->[androidx.lifecycle:lifecycle-process:2.0.0] AndroidManifest.xml:26:13-37
193            android:multiprocess="true" />
193-->[androidx.lifecycle:lifecycle-process:2.0.0] AndroidManifest.xml:27:13-40
194
195        <service
195-->[com.google.android.datatransport:transport-backend-cct:2.2.0] AndroidManifest.xml:29:9-35:19
196            android:name="com.google.android.datatransport.runtime.backends.TransportBackendDiscovery"
196-->[com.google.android.datatransport:transport-backend-cct:2.2.0] AndroidManifest.xml:30:13-103
197            android:exported="false" >
197-->[com.google.android.datatransport:transport-backend-cct:2.2.0] AndroidManifest.xml:31:13-37
198            <meta-data
198-->[com.google.android.datatransport:transport-backend-cct:2.2.0] AndroidManifest.xml:32:13-34:39
199                android:name="backend:com.google.android.datatransport.cct.CctBackendFactory"
199-->[com.google.android.datatransport:transport-backend-cct:2.2.0] AndroidManifest.xml:33:17-94
200                android:value="cct" />
200-->[com.google.android.datatransport:transport-backend-cct:2.2.0] AndroidManifest.xml:34:17-36
201        </service>
202        <service
202-->[com.google.android.datatransport:transport-runtime:2.2.0] AndroidManifest.xml:26:9-30:19
203            android:name="com.google.android.datatransport.runtime.scheduling.jobscheduling.JobInfoSchedulerService"
203-->[com.google.android.datatransport:transport-runtime:2.2.0] AndroidManifest.xml:27:13-117
204            android:exported="false"
204-->[com.google.android.datatransport:transport-runtime:2.2.0] AndroidManifest.xml:28:13-37
205            android:permission="android.permission.BIND_JOB_SERVICE" >
205-->[com.google.android.datatransport:transport-runtime:2.2.0] AndroidManifest.xml:29:13-69
206        </service>
207
208        <receiver
208-->[com.google.android.datatransport:transport-runtime:2.2.0] AndroidManifest.xml:32:9-34:40
209            android:name="com.google.android.datatransport.runtime.scheduling.jobscheduling.AlarmManagerSchedulerBroadcastReceiver"
209-->[com.google.android.datatransport:transport-runtime:2.2.0] AndroidManifest.xml:33:13-132
210            android:exported="false" />
210-->[com.google.android.datatransport:transport-runtime:2.2.0] AndroidManifest.xml:34:13-37
211    </application>
212
213</manifest>